<?xml version="1.0" encoding="UTF-8"?>
<!-- Generated by org.testng.reporters.JUnitXMLReporter -->
<testsuite ignored="0" hostname="Bose-Family-PC" failures="0" tests="3" name="Default test" time="6.936" errors="0" timestamp="2024-11-13T01:44:24 EST">
  <testcase classname="orange_hrm.Sample_allure_demo" name="tnlogin" time="0.808"/>
  <testcase classname="orange_hrm.Sample_allure_demo" name="Addingproducts" time="0.386"/>
  <testcase classname="orange_hrm.Sample_allure_demo" name="logout" time="0.284"/>
</testsuite> <!-- Default test -->
