<?xml version="1.0" encoding="UTF-8"?>
<!-- Generated by org.testng.reporters.JUnitXMLReporter -->
<testsuite ignored="0" hostname="Bose-Family-PC" failures="1" tests="3" name="Test" time="2.61" errors="0" timestamp="2024-11-12T11:52:04 EST">
  <testcase classname="orange_hrm.Sample_allure_demo" name="tnlogin" time="0.543">
    <failure type="org.junit.ComparisonFailure" message="expected:&amp;lt;[Swag Labs]&amp;gt; but was:&amp;lt;[//*[@id=&amp;quot;header_container&amp;quot;]/div[2]/span]&amp;gt;">
      <![CDATA[org.junit.ComparisonFailure: expected:<[Swag Labs]> but was:<[//*[@id="header_container"]/div[2]/span]>
at org.junit.Assert.assertEquals(Assert.java:117)
at org.junit.Assert.assertEquals(Assert.java:146)
at orange_hrm.Sample_allure_demo.tnlogin(Sample_allure_demo.java:38)
at java.base/java.util.ArrayList.forEach(ArrayList.java:1596)
... Removed 25 stack frames]]>
    </failure>
  </testcase> <!-- tnlogin -->
  <testcase classname="orange_hrm.Sample_allure_demo" name="Addingproducts" time="0.127"/>
  <testcase classname="orange_hrm.Sample_allure_demo" name="logout" time="0.16"/>
</testsuite> <!-- Test -->
