<?xml version="1.0" encoding="UTF-8"?>
<testng-results ignored="0" total="3" passed="3" failed="0" skipped="0">
  <reporter-output>
  </reporter-output>
  <suite started-at="2024-11-13T01:44:17 EST" name="Default suite" finished-at="2024-11-13T01:44:24 EST" duration-ms="6936">
    <groups>
    </groups>
    <test started-at="2024-11-13T01:44:17 EST" name="Default test" finished-at="2024-11-13T01:44:24 EST" duration-ms="6936">
      <class name="orange_hrm.Sample_allure_demo">
        <test-method is-config="true" signature="setup()[pri:0, instance:orange_hrm.Sample_allure_demo@16ce702d]" started-at="2024-11-13T01:44:17 EST" name="setup" finished-at="2024-11-13T01:44:22 EST" duration-ms="5174" status="PASS">
          <reporter-output>
          </reporter-output>
        </test-method> <!-- setup -->
        <test-method signature="tnlogin()[pri:1, instance:orange_hrm.Sample_allure_demo@16ce702d]" started-at="2024-11-13T01:44:22 EST" name="tnlogin" finished-at="2024-11-13T01:44:23 EST" duration-ms="808" status="PASS">
          <reporter-output>
          </reporter-output>
        </test-method> <!-- tnlogin -->
        <test-method signature="Addingproducts()[pri:2, instance:orange_hrm.Sample_allure_demo@16ce702d]" started-at="2024-11-13T01:44:23 EST" name="Addingproducts" finished-at="2024-11-13T01:44:24 EST" duration-ms="386" status="PASS">
          <reporter-output>
          </reporter-output>
        </test-method> <!-- Addingproducts -->
        <test-method signature="logout()[pri:3, instance:orange_hrm.Sample_allure_demo@16ce702d]" started-at="2024-11-13T01:44:24 EST" name="logout" finished-at="2024-11-13T01:44:24 EST" duration-ms="284" status="PASS">
          <reporter-output>
          </reporter-output>
        </test-method> <!-- logout -->
      </class> <!-- orange_hrm.Sample_allure_demo -->
    </test> <!-- Default test -->
  </suite> <!-- Default suite -->
</testng-results>
